# JRE version: OpenJDK Runtime Environment (8.0_242-b01) (build 1.8.0_242-release-1644-b01)
# Java VM: OpenJDK 64-Bit Server VM (25.242-b01 mixed mode windows-amd64 compressed oops)
Heap:
 PSYoungGen      total 432128K, used 168243K [0x00000000d5580000, 0x00000000f1600000, 0x0000000100000000)
  eden space 407040K, 37% used [0x00000000d5580000,0x00000000deb72dc0,0x00000000ee300000)
  from space 25088K, 58% used [0x00000000ee500000,0x00000000ef35a198,0x00000000efd80000)
  to   space 12288K, 0% used [0x00000000f0a00000,0x00000000f0a00000,0x00000000f1600000)
 ParOldGen       total 101888K, used 41003K [0x0000000080000000, 0x0000000086380000, 0x00000000d5580000)
  object space 101888K, 40% used [0x0000000080000000,0x000000008280ac80,0x0000000086380000)
 Metaspace       used 88323K, capacity 92510K, committed 92696K, reserved 1130496K
  class space    used 11547K, capacity 12300K, committed 12336K, reserved 1048576K
GC Heap History (10 events):
Event: 12.458 GC heap before
{Heap before GC invocations=12 (full 2):
 PSYoungGen      total 241152K, used 59467K [0x00000000d5580000, 0x00000000eba00000, 0x0000000100000000)
  eden space 226816K, 19% used [0x00000000d5580000,0x00000000d81938e8,0x00000000e3300000)
  from space 14336K, 99% used [0x00000000e3300000,0x00000000e40ff330,0x00000000e4100000)
  to   space 21504K, 0% used [0x00000000ea500000,0x00000000ea500000,0x00000000eba00000)
 ParOldGen       total 70656K, used 27683K [0x0000000080000000, 0x0000000084500000, 0x00000000d5580000)
  object space 70656K, 39% used [0x0000000080000000,0x0000000081b08ce0,0x0000000084500000)
 Metaspace       used 56968K, capacity 58930K, committed 59160K, reserved 1099776K
  class space    used 7802K, capacity 8240K, committed 8240K, reserved 1048576K
Event: 12.491 GC heap after
Heap after GC invocations=12 (full 2):
 PSYoungGen      total 340992K, used 18074K [0x00000000d5580000, 0x00000000ebb80000, 0x0000000100000000)
  eden space 319488K, 0% used [0x00000000d5580000,0x00000000d5580000,0x00000000e8d80000)
  from space 21504K, 84% used [0x00000000ea500000,0x00000000eb6a6b60,0x00000000eba00000)
  to   space 23552K, 0% used [0x00000000e8d80000,0x00000000e8d80000,0x00000000ea480000)
 ParOldGen       total 70656K, used 27755K [0x0000000080000000, 0x0000000084500000, 0x00000000d5580000)
  object space 70656K, 39% used [0x0000000080000000,0x0000000081b1acf0,0x0000000084500000)
 Metaspace       used 56968K, capacity 58930K, committed 59160K, reserved 1099776K
  class space    used 7802K, capacity 8240K, committed 8240K, reserved 1048576K
}
Event: 12.491 GC heap before
{Heap before GC invocations=13 (full 3):
 PSYoungGen      total 340992K, used 18074K [0x00000000d5580000, 0x00000000ebb80000, 0x0000000100000000)
  eden space 319488K, 0% used [0x00000000d5580000,0x00000000d5580000,0x00000000e8d80000)
  from space 21504K, 84% used [0x00000000ea500000,0x00000000eb6a6b60,0x00000000eba00000)
  to   space 23552K, 0% used [0x00000000e8d80000,0x00000000e8d80000,0x00000000ea480000)
 ParOldGen       total 70656K, used 27755K [0x0000000080000000, 0x0000000084500000, 0x00000000d5580000)
  object space 70656K, 39% used [0x0000000080000000,0x0000000081b1acf0,0x0000000084500000)
 Metaspace       used 56968K, capacity 58930K, committed 59160K, reserved 1099776K
  class space    used 7802K, capacity 8240K, committed 8240K, reserved 1048576K
Event: 12.759 GC heap after
Heap after GC invocations=13 (full 3):
 PSYoungGen      total 340992K, used 0K [0x00000000d5580000, 0x00000000ebb80000, 0x0000000100000000)
  eden space 319488K, 0% used [0x00000000d5580000,0x00000000d5580000,0x00000000e8d80000)
  from space 21504K, 0% used [0x00000000ea500000,0x00000000ea500000,0x00000000eba00000)
  to   space 23552K, 0% used [0x00000000e8d80000,0x00000000e8d80000,0x00000000ea480000)
 ParOldGen       total 101888K, used 30139K [0x0000000080000000, 0x0000000086380000, 0x00000000d5580000)
  object space 101888K, 29% used [0x0000000080000000,0x0000000081d6ece8,0x0000000086380000)
 Metaspace       used 56959K, capacity 58900K, committed 59160K, reserved 1099776K
  class space    used 7800K, capacity 8235K, committed 8240K, reserved 1048576K
}
Event: 19.098 GC heap before
{Heap before GC invocations=14 (full 3):
 PSYoungGen      total 340992K, used 319488K [0x00000000d5580000, 0x00000000ebb80000, 0x0000000100000000)
  eden space 319488K, 100% used [0x00000000d5580000,0x00000000e8d80000,0x00000000e8d80000)
  from space 21504K, 0% used [0x00000000ea500000,0x00000000ea500000,0x00000000eba00000)
  to   space 23552K, 0% used [0x00000000e8d80000,0x00000000e8d80000,0x00000000ea480000)
 ParOldGen       total 101888K, used 30139K [0x0000000080000000, 0x0000000086380000, 0x00000000d5580000)
  object space 101888K, 29% used [0x0000000080000000,0x0000000081d6ece8,0x0000000086380000)
 Metaspace       used 69257K, capacity 72128K, committed 72216K, reserved 1112064K
  class space    used 9349K, capacity 9971K, committed 10032K, reserved 1048576K
Event: 19.120 GC heap after
Heap after GC invocations=14 (full 3):
 PSYoungGen      total 343040K, used 21121K [0x00000000d5580000, 0x00000000f2380000, 0x0000000100000000)
  eden space 319488K, 0% used [0x00000000d5580000,0x00000000d5580000,0x00000000e8d80000)
  from space 23552K, 89% used [0x00000000e8d80000,0x00000000ea220688,0x00000000ea480000)
  to   space 26112K, 0% used [0x00000000f0a00000,0x00000000f0a00000,0x00000000f2380000)
 ParOldGen       total 101888K, used 30147K [0x0000000080000000, 0x0000000086380000, 0x00000000d5580000)
  object space 101888K, 29% used [0x0000000080000000,0x0000000081d70ce8,0x0000000086380000)
 Metaspace       used 69257K, capacity 72128K, committed 72216K, reserved 1112064K
  class space    used 9349K, capacity 9971K, committed 10032K, reserved 1048576K
}
Event: 292.067 GC heap before
{Heap before GC invocations=15 (full 3):
 PSYoungGen      total 343040K, used 340609K [0x00000000d5580000, 0x00000000f2380000, 0x0000000100000000)
  eden space 319488K, 100% used [0x00000000d5580000,0x00000000e8d80000,0x00000000e8d80000)
  from space 23552K, 89% used [0x00000000e8d80000,0x00000000ea220688,0x00000000ea480000)
  to   space 26112K, 0% used [0x00000000f0a00000,0x00000000f0a00000,0x00000000f2380000)
 ParOldGen       total 101888K, used 30147K [0x0000000080000000, 0x0000000086380000, 0x00000000d5580000)
  object space 101888K, 29% used [0x0000000080000000,0x0000000081d70ce8,0x0000000086380000)
 Metaspace       used 76013K, capacity 79516K, committed 79768K, reserved 1118208K
  class space    used 9909K, capacity 10601K, committed 10672K, reserved 1048576K
Event: 292.104 GC heap after
Heap after GC invocations=15 (full 3):
 PSYoungGen      total 419328K, used 11946K [0x00000000d5580000, 0x00000000f1600000, 0x0000000100000000)
  eden space 407040K, 0% used [0x00000000d5580000,0x00000000d5580000,0x00000000ee300000)
  from space 12288K, 97% used [0x00000000f0a00000,0x00000000f15aa938,0x00000000f1600000)
  to   space 25088K, 0% used [0x00000000ee500000,0x00000000ee500000,0x00000000efd80000)
 ParOldGen       total 101888K, used 40995K [0x0000000080000000, 0x0000000086380000, 0x00000000d5580000)
  object space 101888K, 40% used [0x0000000080000000,0x0000000082808c80,0x0000000086380000)
 Metaspace       used 76013K, capacity 79516K, committed 79768K, reserved 1118208K
  class space    used 9909K, capacity 10601K, committed 10672K, reserved 1048576K
}
Event: 339.464 GC heap before
{Heap before GC invocations=16 (full 3):
 PSYoungGen      total 419328K, used 418986K [0x00000000d5580000, 0x00000000f1600000, 0x0000000100000000)
  eden space 407040K, 100% used [0x00000000d5580000,0x00000000ee300000,0x00000000ee300000)
  from space 12288K, 97% used [0x00000000f0a00000,0x00000000f15aa938,0x00000000f1600000)
  to   space 25088K, 0% used [0x00000000ee500000,0x00000000ee500000,0x00000000efd80000)
 ParOldGen       total 101888K, used 40995K [0x0000000080000000, 0x0000000086380000, 0x00000000d5580000)
  object space 101888K, 40% used [0x0000000080000000,0x0000000082808c80,0x0000000086380000)
 Metaspace       used 83162K, capacity 87250K, committed 87448K, reserved 1124352K
  class space    used 10884K, capacity 11652K, committed 11696K, reserved 1048576K
Event: 339.495 GC heap after
Heap after GC invocations=16 (full 3):
 PSYoungGen      total 432128K, used 14696K [0x00000000d5580000, 0x00000000f1600000, 0x0000000100000000)
  eden space 407040K, 0% used [0x00000000d5580000,0x00000000d5580000,0x00000000ee300000)
  from space 25088K, 58% used [0x00000000ee500000,0x00000000ef35a198,0x00000000efd80000)
  to   space 12288K, 0% used [0x00000000f0a00000,0x00000000f0a00000,0x00000000f1600000)
 ParOldGen       total 101888K, used 41003K [0x0000000080000000, 0x0000000086380000, 0x00000000d5580000)
  object space 101888K, 40% used [0x0000000080000000,0x000000008280ac80,0x0000000086380000)
 Metaspace       used 83162K, capacity 87250K, committed 87448K, reserved 1124352K
  class space    used 10884K, capacity 11652K, committed 11696K, reserved 1048576K
}

